2024-06-21T13:37:32.051Z [31merror[39m:	
Invalid `prismaUtil_1.default.student.findUnique()` invocation in
C:\Users\Python\Documents\project\hallApp\dist\src\middleware\studentCheck.js:23:60

  20 const checkAvailability = (req, res, next) => __awaiter(void 0, void 0, void 0, function* () {
  21     try {
  22         const { telephone } = req.body;
→ 23         const student = yield prismaUtil_1.default.student.findUnique({
               where: {
                 telephone: undefined,
             ?   studentId?: String,
             ?   AND?: studentWhereInput | studentWhereInput[],
             ?   OR?: studentWhereInput[],
             ?   NOT?: studentWhereInput | studentWhereInput[],
             ?   profile?: StringFilter | String,
             ?   fullName?: StringFilter | String,
             ?   email?: StringNullableFilter | String | Null,
             ?   password?: StringFilter | String,
             ?   gender?: StringFilter | String,
             ?   level?: IntFilter | Int,
             ?   createdAt?: DateTimeFilter | DateTime,
             ?   updatedAt?: DateTimeFilter | DateTime,
             ?   department?: StringNullableFilter | String | Null,
             ?   hallId?: StringNullableFilter | String | Null,
             ?   allocation?: AllocationNullableRelationFilter | allocationWhereInput | Null,
             ?   hall?: HallNullableRelationFilter | hallWhereInput | Null,
             ?   roomRequest?: RoomRequestNullableRelationFilter | roomRequestWhereInput | Null
               }
             })

Argument `where` of type studentWhereUniqueInput needs at least one of `studentId` or `telephone` arguments. Available options are marked with ?.
