2024-06-21T18:00:56.888Z [31merror[39m:	
Invalid `prismaUtil_1.default.student.findUnique()` invocation in
/home/sam/Documents/hallApp/dist/src/middleware/studentCheck.js:25:60

  22 console.log(req.body);
  23 const { telephone } = req.body;
  24 console.log(telephone);
→ 25 const student = yield prismaUtil_1.default.student.findUnique({
       where: {
         telephone: undefined,
     ?   studentId?: String,
     ?   AND?: studentWhereInput | studentWhereInput[],
     ?   OR?: studentWhereInput[],
     ?   NOT?: studentWhereInput | studentWhereInput[],
     ?   profile?: StringFilter | String,
     ?   fullName?: StringFilter | String,
     ?   email?: StringNullableFilter | String | Null,
     ?   password?: StringFilter | String,
     ?   gender?: StringFilter | String,
     ?   level?: IntFilter | Int,
     ?   createdAt?: DateTimeFilter | DateTime,
     ?   updatedAt?: DateTimeFilter | DateTime,
     ?   department?: StringNullableFilter | String | Null,
     ?   hallId?: StringNullableFilter | String | Null,
     ?   allocation?: AllocationNullableRelationFilter | allocationWhereInput | Null,
     ?   hall?: HallNullableRelationFilter | hallWhereInput | Null,
     ?   roomRequest?: RoomRequestNullableRelationFilter | roomRequestWhereInput | Null
       }
     })

Argument `where` of type studentWhereUniqueInput needs at least one of `studentId` or `telephone` arguments. Available options are marked with ?.
2024-06-21T18:05:28.898Z [31merror[39m:	
Invalid `prismaUtil_1.default.student.findUnique()` invocation in
/home/sam/Documents/hallApp/dist/src/middleware/studentCheck.js:25:60

  22 console.log(req.body);
  23 const { telephone } = req.body;
  24 console.log(telephone);
→ 25 const student = yield prismaUtil_1.default.student.findUnique({
       where: {
         telephone: undefined,
     ?   studentId?: String,
     ?   AND?: studentWhereInput | studentWhereInput[],
     ?   OR?: studentWhereInput[],
     ?   NOT?: studentWhereInput | studentWhereInput[],
     ?   profile?: StringFilter | String,
     ?   fullName?: StringFilter | String,
     ?   email?: StringNullableFilter | String | Null,
     ?   password?: StringFilter | String,
     ?   gender?: StringFilter | String,
     ?   level?: IntFilter | Int,
     ?   createdAt?: DateTimeFilter | DateTime,
     ?   updatedAt?: DateTimeFilter | DateTime,
     ?   department?: StringNullableFilter | String | Null,
     ?   hallId?: StringNullableFilter | String | Null,
     ?   allocation?: AllocationNullableRelationFilter | allocationWhereInput | Null,
     ?   hall?: HallNullableRelationFilter | hallWhereInput | Null,
     ?   roomRequest?: RoomRequestNullableRelationFilter | roomRequestWhereInput | Null
       }
     })

Argument `where` of type studentWhereUniqueInput needs at least one of `studentId` or `telephone` arguments. Available options are marked with ?.
2024-06-21T18:06:34.597Z [31merror[39m:	
Invalid `prismaUtil_1.default.student.findUnique()` invocation in
/home/sam/Documents/hallApp/dist/src/middleware/studentCheck.js:25:60

  22 console.log(req.body);
  23 const { telephone } = req.body;
  24 console.log(telephone);
→ 25 const student = yield prismaUtil_1.default.student.findUnique({
       where: {
         telephone: undefined,
     ?   studentId?: String,
     ?   AND?: studentWhereInput | studentWhereInput[],
     ?   OR?: studentWhereInput[],
     ?   NOT?: studentWhereInput | studentWhereInput[],
     ?   profile?: StringFilter | String,
     ?   fullName?: StringFilter | String,
     ?   email?: StringNullableFilter | String | Null,
     ?   password?: StringFilter | String,
     ?   gender?: StringFilter | String,
     ?   level?: IntFilter | Int,
     ?   createdAt?: DateTimeFilter | DateTime,
     ?   updatedAt?: DateTimeFilter | DateTime,
     ?   department?: StringNullableFilter | String | Null,
     ?   hallId?: StringNullableFilter | String | Null,
     ?   allocation?: AllocationNullableRelationFilter | allocationWhereInput | Null,
     ?   hall?: HallNullableRelationFilter | hallWhereInput | Null,
     ?   roomRequest?: RoomRequestNullableRelationFilter | roomRequestWhereInput | Null
       }
     })

Argument `where` of type studentWhereUniqueInput needs at least one of `studentId` or `telephone` arguments. Available options are marked with ?.
2024-06-21T18:06:39.936Z [31merror[39m:	
Invalid `prismaUtil_1.default.student.findUnique()` invocation in
/home/sam/Documents/hallApp/dist/src/middleware/studentCheck.js:25:60

  22 console.log(req.body);
  23 const { telephone } = req.body;
  24 console.log(telephone);
→ 25 const student = yield prismaUtil_1.default.student.findUnique({
       where: {
         telephone: undefined,
     ?   studentId?: String,
     ?   AND?: studentWhereInput | studentWhereInput[],
     ?   OR?: studentWhereInput[],
     ?   NOT?: studentWhereInput | studentWhereInput[],
     ?   profile?: StringFilter | String,
     ?   fullName?: StringFilter | String,
     ?   email?: StringNullableFilter | String | Null,
     ?   password?: StringFilter | String,
     ?   gender?: StringFilter | String,
     ?   level?: IntFilter | Int,
     ?   createdAt?: DateTimeFilter | DateTime,
     ?   updatedAt?: DateTimeFilter | DateTime,
     ?   department?: StringNullableFilter | String | Null,
     ?   hallId?: StringNullableFilter | String | Null,
     ?   allocation?: AllocationNullableRelationFilter | allocationWhereInput | Null,
     ?   hall?: HallNullableRelationFilter | hallWhereInput | Null,
     ?   roomRequest?: RoomRequestNullableRelationFilter | roomRequestWhereInput | Null
       }
     })

Argument `where` of type studentWhereUniqueInput needs at least one of `studentId` or `telephone` arguments. Available options are marked with ?.
2024-06-21T18:06:52.956Z [31merror[39m:	
Invalid `prismaUtil_1.default.student.findUnique()` invocation in
/home/sam/Documents/hallApp/dist/src/middleware/studentCheck.js:25:60

  22 console.log(req.body);
  23 const { telephone } = req.body;
  24 console.log(telephone);
→ 25 const student = yield prismaUtil_1.default.student.findUnique({
       where: {
         telephone: undefined,
     ?   studentId?: String,
     ?   AND?: studentWhereInput | studentWhereInput[],
     ?   OR?: studentWhereInput[],
     ?   NOT?: studentWhereInput | studentWhereInput[],
     ?   profile?: StringFilter | String,
     ?   fullName?: StringFilter | String,
     ?   email?: StringNullableFilter | String | Null,
     ?   password?: StringFilter | String,
     ?   gender?: StringFilter | String,
     ?   level?: IntFilter | Int,
     ?   createdAt?: DateTimeFilter | DateTime,
     ?   updatedAt?: DateTimeFilter | DateTime,
     ?   department?: StringNullableFilter | String | Null,
     ?   hallId?: StringNullableFilter | String | Null,
     ?   allocation?: AllocationNullableRelationFilter | allocationWhereInput | Null,
     ?   hall?: HallNullableRelationFilter | hallWhereInput | Null,
     ?   roomRequest?: RoomRequestNullableRelationFilter | roomRequestWhereInput | Null
       }
     })

Argument `where` of type studentWhereUniqueInput needs at least one of `studentId` or `telephone` arguments. Available options are marked with ?.
2024-06-21T18:06:54.642Z [31merror[39m:	
Invalid `prismaUtil_1.default.student.findUnique()` invocation in
/home/sam/Documents/hallApp/dist/src/middleware/studentCheck.js:25:60

  22 console.log(req.body);
  23 const { telephone } = req.body;
  24 console.log(telephone);
→ 25 const student = yield prismaUtil_1.default.student.findUnique({
       where: {
         telephone: undefined,
     ?   studentId?: String,
     ?   AND?: studentWhereInput | studentWhereInput[],
     ?   OR?: studentWhereInput[],
     ?   NOT?: studentWhereInput | studentWhereInput[],
     ?   profile?: StringFilter | String,
     ?   fullName?: StringFilter | String,
     ?   email?: StringNullableFilter | String | Null,
     ?   password?: StringFilter | String,
     ?   gender?: StringFilter | String,
     ?   level?: IntFilter | Int,
     ?   createdAt?: DateTimeFilter | DateTime,
     ?   updatedAt?: DateTimeFilter | DateTime,
     ?   department?: StringNullableFilter | String | Null,
     ?   hallId?: StringNullableFilter | String | Null,
     ?   allocation?: AllocationNullableRelationFilter | allocationWhereInput | Null,
     ?   hall?: HallNullableRelationFilter | hallWhereInput | Null,
     ?   roomRequest?: RoomRequestNullableRelationFilter | roomRequestWhereInput | Null
       }
     })

Argument `where` of type studentWhereUniqueInput needs at least one of `studentId` or `telephone` arguments. Available options are marked with ?.
2024-06-21T18:06:58.287Z [31merror[39m:	
Invalid `prismaUtil_1.default.student.findUnique()` invocation in
/home/sam/Documents/hallApp/dist/src/middleware/studentCheck.js:25:60

  22 console.log(req.body);
  23 const { telephone } = req.body;
  24 console.log(telephone);
→ 25 const student = yield prismaUtil_1.default.student.findUnique({
       where: {
         telephone: undefined,
     ?   studentId?: String,
     ?   AND?: studentWhereInput | studentWhereInput[],
     ?   OR?: studentWhereInput[],
     ?   NOT?: studentWhereInput | studentWhereInput[],
     ?   profile?: StringFilter | String,
     ?   fullName?: StringFilter | String,
     ?   email?: StringNullableFilter | String | Null,
     ?   password?: StringFilter | String,
     ?   gender?: StringFilter | String,
     ?   level?: IntFilter | Int,
     ?   createdAt?: DateTimeFilter | DateTime,
     ?   updatedAt?: DateTimeFilter | DateTime,
     ?   department?: StringNullableFilter | String | Null,
     ?   hallId?: StringNullableFilter | String | Null,
     ?   allocation?: AllocationNullableRelationFilter | allocationWhereInput | Null,
     ?   hall?: HallNullableRelationFilter | hallWhereInput | Null,
     ?   roomRequest?: RoomRequestNullableRelationFilter | roomRequestWhereInput | Null
       }
     })

Argument `where` of type studentWhereUniqueInput needs at least one of `studentId` or `telephone` arguments. Available options are marked with ?.
2024-06-21T18:08:12.064Z [31merror[39m:	
Invalid `prismaUtil_1.default.student.findUnique()` invocation in
/home/sam/Documents/hallApp/dist/src/middleware/studentCheck.js:25:60

  22 console.log(req.body);
  23 const { telephone } = req.body;
  24 console.log(telephone);
→ 25 const student = yield prismaUtil_1.default.student.findUnique({
       where: {
         telephone: undefined,
     ?   studentId?: String,
     ?   AND?: studentWhereInput | studentWhereInput[],
     ?   OR?: studentWhereInput[],
     ?   NOT?: studentWhereInput | studentWhereInput[],
     ?   profile?: StringFilter | String,
     ?   fullName?: StringFilter | String,
     ?   email?: StringNullableFilter | String | Null,
     ?   password?: StringFilter | String,
     ?   gender?: StringFilter | String,
     ?   level?: IntFilter | Int,
     ?   createdAt?: DateTimeFilter | DateTime,
     ?   updatedAt?: DateTimeFilter | DateTime,
     ?   department?: StringNullableFilter | String | Null,
     ?   hallId?: StringNullableFilter | String | Null,
     ?   allocation?: AllocationNullableRelationFilter | allocationWhereInput | Null,
     ?   hall?: HallNullableRelationFilter | hallWhereInput | Null,
     ?   roomRequest?: RoomRequestNullableRelationFilter | roomRequestWhereInput | Null
       }
     })

Argument `where` of type studentWhereUniqueInput needs at least one of `studentId` or `telephone` arguments. Available options are marked with ?.
2024-06-21T18:09:07.100Z [31merror[39m:	The first argument must be of type string or an instance of Buffer, ArrayBuffer, or Array or an Array-like Object. Received undefined
2024-06-21T18:10:13.554Z [31merror[39m:	The first argument must be of type string or an instance of Buffer, ArrayBuffer, or Array or an Array-like Object. Received undefined
2024-06-21T18:17:39.124Z [31merror[39m:	The first argument must be of type string or an instance of Buffer, ArrayBuffer, or Array or an Array-like Object. Received undefined
2024-06-21T18:20:35.644Z [31merror[39m:	
Invalid `prismaUtil_1.default.student.create()` invocation in
/home/sam/Documents/hallApp/dist/src/helpers/student.js:18:56

  15 exports.signIn = exports.deleteStudent = exports.updateStudent = exports.getStudentById = exports.getStudent = exports.addStudent = void 0;
  16 const prismaUtil_1 = __importDefault(require("../utils/prismaUtil"));
  17 const addStudent = (data) => __awaiter(void 0, void 0, void 0, function* () {
→ 18     const student = yield prismaUtil_1.default.student.create({
           data: {
             fullname: "samuel Freeman",
             email: "samuelmanueljnr@gmail.com",
             gender: "Male",
             level: "200",
             telephone: "233098458584",
             profile: "image",
             studentId: "3829482439483",
             password: "$argon2id$v=19$m=65536,t=3,p=4$Lqv5dV8fImVSuyHu21ZaBA$D69l3/8/7TApKPJK777/bYomM+x/d1Of3tPdTYqR0eU",
         +   fullName: String
           }
         })

Argument `fullName` is missing.
2024-06-21T18:20:56.385Z [31merror[39m:	
Invalid `prismaUtil_1.default.student.create()` invocation in
/home/sam/Documents/hallApp/dist/src/helpers/student.js:18:56

  15 exports.signIn = exports.deleteStudent = exports.updateStudent = exports.getStudentById = exports.getStudent = exports.addStudent = void 0;
  16 const prismaUtil_1 = __importDefault(require("../utils/prismaUtil"));
  17 const addStudent = (data) => __awaiter(void 0, void 0, void 0, function* () {
→ 18     const student = yield prismaUtil_1.default.student.create({
           data: {
             fullName: "samuel Freeman",
             email: "samuelmanueljnr@gmail.com",
             gender: "Male",
             level: "200",
                    ~~~~~
             telephone: "233098458584",
             profile: "image",
             studentId: "3829482439483",
             password: "$argon2id$v=19$m=65536,t=3,p=4$zEpVrTEalBy2txL6Xe8xAQ$qAXhcPej/+GnArqLM0UTHnKloaRirX78EIMVttskyw8"
           }
         })

Argument `level`: Invalid value provided. Expected Int, provided String.
2024-06-21T18:22:51.093Z [31merror[39m:	
Invalid `prismaUtil_1.default.student.create()` invocation in
/home/sam/Documents/hallApp/dist/src/helpers/student.js:18:56

  15 exports.signIn = exports.deleteStudent = exports.updateStudent = exports.getStudentById = exports.getStudent = exports.addStudent = void 0;
  16 const prismaUtil_1 = __importDefault(require("../utils/prismaUtil"));
  17 const addStudent = (data) => __awaiter(void 0, void 0, void 0, function* () {
→ 18     const student = yield prismaUtil_1.default.student.create(
Unique constraint failed on the fields: (`studentId`)
